Arguments: 
  C:\Program Files\nodejs\node.exe C:\Users\dragon\AppData\Roaming\npm\node_modules\yarn\bin\yarn.js

PATH: 
  C:\Users\dragon\bin;C:\Program Files\Git\mingw64\bin;C:\Program Files\Git\usr\local\bin;C:\Program Files\Git\usr\bin;C:\Program Files\Git\usr\bin;C:\Program Files\Git\mingw64\bin;C:\Program Files\Git\usr\bin;C:\Users\dragon\bin;C:\Windows\system32;C:\Windows;C:\Windows\System32\Wbem;C:\Windows\System32\WindowsPowerShell\v1.0;C:\Windows\System32\OpenSSH;C:\Program Files\Dart\dart-sdk\bin;C:\Users\dragon\AppData\Local\Android\Sdk\platform-tools;C:\Users\dragon\AppData\Local\Android\Sdk;C:\Python27;C:\Program Files\nodejs;C:\Program Files\Git\cmd;C:\ProgramData\chocolatey\bin;C:\Users\dragon\.cargo\bin;C:\Users\dragon\.local\share\solana\install\active_release\bin;C:\Users\dragon\AppData\Local\Microsoft\WindowsApps;D:\dartsdk-windows-x64-release\dart-sdk\bin;C:\Users\dragon\AppData\Local\Android\Sdk\platform-tools;C:\Users\dragon\AppData\Local\Android\Sdk;C:\Users\dragon\AppData\Local\Programs\Microsoft VS Code\bin;C:\Users\dragon\AppData\Roaming\npm;C:\Program Files\heroku\bin;C:\Users\dragon\.local\share\solana\install\releases\1.9.4\solana-release\bin\sdk\bpf;C:\Program Files\Git\usr\bin\vendor_perl;C:\Program Files\Git\usr\bin\core_perl

Yarn version: 
  1.22.17

Node version: 
  14.17.5

Platform: 
  win32 x64

Trace: 
  Error: getaddrinfo ENOTFOUND registry.yarnpkg.com
      at GetAddrInfoReqWrap.onlookup [as oncomplete] (dns.js:69:26)

npm manifest: 
  {
    "name": "luv-nft-realasset",
    "version": "1.0.0",
    "description": "real asset project on harmony blockchain",
    "main": "index.js",
    "dependencies": {
      "@harmony-js/core": "^0.1.55",
      "@openzeppelin/contracts": "^3.2.0",
      "@truffle/hdwallet-provider": "^1.4.0",
      "base64-sol": "^1.0.1",
      "bn.js": "^5.2.0",
      "dotenv": "^8.2.0",
      "ethereum-waffle": "^3.2.0",
      "solc": "0.6.12",
      "truffle-hdwallet-provider": "^1.0.17",
      "tslib": "^2.0.3",
      "web3": "^1.3.0",
      "yargs": "^16.1.0"
    },
    "scripts": {
      "test": "echo \"Error: no test specified\" && exit 1"
    },
    "devDependencies": {},
    "author": "Jay Lin & Hahz Terry",
    "license": "ISC"
  }

yarn manifest: 
  No manifest

Lockfile: 
  No lockfile
